MPASM  5.51                          MAIN.ASM   8-14-2014  16:56:42         PAGE  1


LOC  OBJECT CODE     LINE SOURCE TEXT
  VALUE

                      00001 #include <p16f84a.inc>  ; Carga la cabecera del microcontrolador
                      00001         LIST
                      00002 
                      00003 ;==========================================================================
                      00004 ;  MPASM PIC16F84A processor include
                      00005 ; 
                      00006 ;  (c) Copyright 1999-2013 Microchip Technology, All rights reserved
                      00007 ;==========================================================================
                      00008 
                      00208         LIST
Warning[205]: Found directive in column 1. (radix)
                      00002 radix   dec                             ; Por defecto los numeros estaran
                      00003                                                 ; expresados en decimal 
Warning[207]: Found label after column 1. (W)
  00000000            00004         W       EQU 0
Warning[207]: Found label after column 1. (F)
  00000001            00005         F       EQU 1
                      00006 
                      00007 ;***ZONA DE INICIO DEL MICROCONTROLADOR***
0000                  00008         ORG     0x00
0000   2810           00009         GOTO INICIO     ; Ir al inicio del programa
0004                  00010         ORG     0x04    ; Zona de interrupciones
0004   2810           00011         GOTO INICIO     ; Ir al inicio del programa
                      00012 
                      00013 ;***** ZONA DE SUBRUTINAS Y TABLAS *****
0005   0782           00014 TABLA   ADDWF PCL,F                     ; Ponsemos en PCL la de suma del PCL, y el W sera el inicio
0006   343F           00015                 RETLW b'00111111'       ; Devolvemos el 0
0007   3406           00016                 RETLW b'00000110'       ; Devolvemos el 1
0008   345B           00017                 RETLW b'01011011'       ; Devolvemos el 2
0009   344F           00018                 RETLW b'01001111'       ; Devolvemos el 3
000A   3466           00019                 RETLW b'01100110'       ; Devolvemos el 4
000B   346D           00020                 RETLW b'01101101'       ; Devolvemos el 5
000C   347C           00021                 RETLW b'01111100'       ; Devolvemos el 6
000D   3407           00022                 RETLW b'00000111'       ; Devolvemos el 7
000E   347F           00023                 RETLW b'01111111'       ; Devolvemos el 8
000F   3467           00024                 RETLW b'01100111'       ; Devolvemos el 9
                      00025 
                      00026 ;*****INICIO DEL PROGRAMA*****
0010   0183           00027 INICIO  CLRF STATUS                     ; Borra el contenido de STATUS
0011   1683           00028                 BSF     STATUS,RP0              ; Seleccionamos el Banco 1
0012   30FF           00029                 MOVLW b'11111111'       ; Cargamos un valor literal en W
Message[302]: Register in operand not in bank 0.  Ensure that bank bits are correct.
0013   0085           00030                 MOVWF TRISA                     ; Movemos el valor de W a TRISA, PORTA como entrada
0014   3000           00031                 MOVLW b'00000000'       ; Cargamos un valor literal en W
Message[302]: Register in operand not in bank 0.  Ensure that bank bits are correct.
0015   0086           00032                 MOVWF TRISB                     ; Movemos el valor de W a TRISA, PORTB como salida
0016   1283           00033                 BCF STATUS,RP0          ; Seleccionamos el Banco 0
0017   0805           00034 LEER    MOVF PORTA,W            ; Movemos el valor de PORTA a W (PORTA->W)
0018   3907           00035                 ANDLW b'00000111'       ; Operacion AND de W con el binario 00000111
0019   2005           00036                 CALL TABLA                      ; Extrae un valor de la tabla y lo devuelve en W
001A   0086           00037                 MOVWF PORTB                     ; Saca el valor de W a traves de PORTB (W->PORTB)
001B   2817           00038                 GOTO LEER                       ; Salto incondicional a LEER
                      00039                 END                                     ; Fin del programa
MPASM  5.51                          MAIN.ASM   8-14-2014  16:56:42         PAGE  2


SYMBOL TABLE
  LABEL                             VALUE 

C                                 00000000
DC                                00000001
EEADR                             00000009
EECON1                            00000088
EECON2                            00000089
EEDATA                            00000008
EEIE                              00000006
EEIF                              00000004
F                                 00000001
FSR                               00000004
GIE                               00000007
INDF                              00000000
INICIO                            00000010
INTCON                            0000000B
INTE                              00000004
INTEDG                            00000006
INTF                              00000001
IRP                               00000007
LEER                              00000017
NOT_PD                            00000003
NOT_RBPU                          00000007
NOT_TO                            00000004
OPTION_REG                        00000081
PCL                               00000002
PCLATH                            0000000A
PORTA                             00000005
PORTB                             00000006
PS0                               00000000
PS1                               00000001
PS2                               00000002
PSA                               00000003
RA0                               00000000
RA1                               00000001
RA2                               00000002
RA3                               00000003
RA4                               00000004
RB0                               00000000
RB1                               00000001
RB2                               00000002
RB3                               00000003
RB4                               00000004
RB5                               00000005
RB6                               00000006
RB7                               00000007
RBIE                              00000003
RBIF                              00000000
RD                                00000000
RP0                               00000005
RP1                               00000006
STATUS                            00000003
T0CS                              00000005
T0IE                              00000005
T0IF                              00000002
MPASM  5.51                          MAIN.ASM   8-14-2014  16:56:42         PAGE  3


SYMBOL TABLE
  LABEL                             VALUE 

T0SE                              00000004
TABLA                             00000005
TMR0                              00000001
TMR0IE                            00000005
TMR0IF                            00000002
TRISA                             00000085
TRISA0                            00000000
TRISA1                            00000001
TRISA2                            00000002
TRISA3                            00000003
TRISA4                            00000004
TRISB                             00000086
TRISB0                            00000000
TRISB1                            00000001
TRISB2                            00000002
TRISB3                            00000003
TRISB4                            00000004
TRISB5                            00000005
TRISB6                            00000006
TRISB7                            00000007
W                                 00000000
WR                                00000001
WREN                              00000002
WRERR                             00000003
Z                                 00000002
_CONFIG                           00002007
_CP_OFF                           00003FFF
_CP_ON                            0000000F
_DEVID1                           00002006
_FOSC_EXTRC                       00003FFF
_FOSC_HS                          00003FFE
_FOSC_LP                          00003FFC
_FOSC_XT                          00003FFD
_HS_OSC                           00003FFE
_IDLOC0                           00002000
_IDLOC1                           00002001
_IDLOC2                           00002002
_IDLOC3                           00002003
_LP_OSC                           00003FFC
_PWRTE_OFF                        00003FFF
_PWRTE_ON                         00003FF7
_RC_OSC                           00003FFF
_WDTE_OFF                         00003FFB
_WDTE_ON                          00003FFF
_WDT_OFF                          00003FFB
_WDT_ON                           00003FFF
_XT_OSC                           00003FFD
__16F84A                          00000001
__DEBUG                           1
MPASM  5.51                          MAIN.ASM   8-14-2014  16:56:42         PAGE  4


MEMORY USAGE MAP ('X' = Used,  '-' = Unused)


0000 : X---XXXXXXXXXXXX XXXXXXXXXXXX---- ---------------- ----------------

All other memory blocks unused.

Program Memory Words Used:    25
Program Memory Words Free:   999


Errors   :     0
Warnings :     3 reported,     0 suppressed
Messages :     2 reported,     0 suppressed

